-- The C compiler identification is GNU 11.4.0
-- The CXX compiler identification is GNU 11.4.0
-- Detecting C compiler ABI info
-- Detecting C compiler ABI info - done
-- Check for working C compiler: /usr/bin/cc - skipped
-- Detecting C compile features
-- Detecting C compile features - done
-- Detecting CXX compiler ABI info
-- Detecting CXX compiler ABI info - done
-- Check for working CXX compiler: /usr/bin/c++ - skipped
-- Detecting CXX compile features
-- Detecting CXX compile features - done
-- Found ament_cmake: 1.3.12 (/opt/ros/humble/share/ament_cmake/cmake)
-- Found Python3: /usr/bin/python3 (found version "3.10.12") found components: Interpreter 
-- Found rclcpp: 16.0.17 (/opt/ros/humble/share/rclcpp/cmake)
-- Found rosidl_generator_c: 3.1.8 (/opt/ros/humble/share/rosidl_generator_c/cmake)
-- Found rosidl_adapter: 3.1.8 (/opt/ros/humble/share/rosidl_adapter/cmake)
-- Found rosidl_generator_cpp: 3.1.8 (/opt/ros/humble/share/rosidl_generator_cpp/cmake)
-- Using all available rosidl_typesupport_c: rosidl_typesupport_fastrtps_c;rosidl_typesupport_introspection_c
-- Using all available rosidl_typesupport_cpp: rosidl_typesupport_fastrtps_cpp;rosidl_typesupport_introspection_cpp
-- Found rmw_implementation_cmake: 6.1.2 (/opt/ros/humble/share/rmw_implementation_cmake/cmake)
-- Found rmw_fastrtps_cpp: 6.2.9 (/opt/ros/humble/share/rmw_fastrtps_cpp/cmake)
-- Found OpenSSL: /usr/lib/x86_64-linux-gnu/libcrypto.so (found version "3.0.2")  
-- Found FastRTPS: /opt/ros/humble/include  
-- Using RMW implementation 'rmw_fastrtps_cpp' as default
-- Looking for pthread.h
-- Looking for pthread.h - found
-- Performing Test CMAKE_HAVE_LIBC_PTHREAD
-- Performing Test CMAKE_HAVE_LIBC_PTHREAD - Success
-- Found Threads: TRUE  
-- Found rclpy: 3.3.19 (/opt/ros/humble/share/rclpy/cmake)
-- Found cv_bridge: 3.2.1 (/opt/ros/humble/share/cv_bridge/cmake)
-- Found nav_msgs: 4.9.0 (/opt/ros/humble/share/nav_msgs/cmake)
-- Found visualization_msgs: 4.9.0 (/opt/ros/humble/share/visualization_msgs/cmake)
-- Found OpenCV: /usr (found version "4.5.4") 
-- Found rosidl_default_generators: 1.2.0 (/opt/ros/humble/share/rosidl_default_generators/cmake)
-- Found ament_cmake_ros: 0.10.0 (/opt/ros/humble/share/ament_cmake_ros/cmake)
-- Using all available rosidl_typesupport_c: rosidl_typesupport_fastrtps_c;rosidl_typesupport_introspection_c
-- Using all available rosidl_typesupport_cpp: rosidl_typesupport_fastrtps_cpp;rosidl_typesupport_introspection_cpp
-- Found PythonInterp: /usr/bin/python3 (found suitable version "3.10.12", minimum required is "3.6") 
-- Found python_cmake_module: 0.10.0 (/opt/ros/humble/share/python_cmake_module/cmake)
-- Found PythonLibs: /usr/lib/x86_64-linux-gnu/libpython3.10.so (found suitable version "3.10.12", minimum required is "3.5") 
-- Using PYTHON_EXECUTABLE: /usr/bin/python3
-- Using PYTHON_INCLUDE_DIRS: /usr/include/python3.10
-- Using PYTHON_LIBRARIES: /usr/lib/x86_64-linux-gnu/libpython3.10.so
-- Found PythonExtra: .so  
-- Configuring done
-- Generating done
-- Build files have been written to: /home/dss/ros2_ws/build/dss_ros2_bridge
[  1%] Generating C code for ROS interfaces
[  3%] Generating C++ code for ROS interfaces
[  3%] Built target ament_cmake_python_copy_dss_ros2_bridge
running egg_info
creating dss_ros2_bridge.egg-info
writing dss_ros2_bridge.egg-info/PKG-INFO
writing dependency_links to dss_ros2_bridge.egg-info/dependency_links.txt
writing top-level names to dss_ros2_bridge.egg-info/top_level.txt
writing manifest file 'dss_ros2_bridge.egg-info/SOURCES.txt'
reading manifest file 'dss_ros2_bridge.egg-info/SOURCES.txt'
writing manifest file 'dss_ros2_bridge.egg-info/SOURCES.txt'
[  3%] Built target dss_ros2_bridge__cpp
[  5%] Building C object CMakeFiles/dss_ros2_bridge__rosidl_generator_c.dir/rosidl_generator_c/dss_ros2_bridge/msg/detail/dss_control__functions.c.o
[  8%] Generating C++ type support for eProsima Fast-RTPS
[  8%] Generating C++ type support dispatch for ROS interfaces
[ 10%] Generating C++ introspection for ROS interfaces
[ 10%] Built target ament_cmake_python_build_dss_ros2_bridge_egg
[ 12%] Linking C shared library libdss_ros2_bridge__rosidl_generator_c.so
[ 12%] Built target dss_ros2_bridge__rosidl_generator_c
[ 17%] Generating C type support for eProsima Fast-RTPS
[ 17%] Generating C type support dispatch for ROS interfaces
[ 17%] Generating C introspection for ROS interfaces
[ 19%] Building CXX object CMakeFiles/dss_ros2_bridge__rosidl_typesupport_cpp.dir/rosidl_typesupport_cpp/dss_ros2_bridge/msg/dss_control__type_support.cpp.o
[ 21%] Building CXX object CMakeFiles/dss_ros2_bridge__rosidl_typesupport_introspection_cpp.dir/rosidl_typesupport_introspection_cpp/dss_ros2_bridge/msg/detail/dss_control__type_support.cpp.o
[ 23%] Building CXX object CMakeFiles/dss_ros2_bridge__rosidl_typesupport_fastrtps_cpp.dir/rosidl_typesupport_fastrtps_cpp/dss_ros2_bridge/msg/detail/dds_fastrtps/dss_control__type_support.cpp.o
[ 25%] Building CXX object CMakeFiles/dss_ros2_bridge__rosidl_typesupport_c.dir/rosidl_typesupport_c/dss_ros2_bridge/msg/dss_control__type_support.cpp.o
[ 26%] Building C object CMakeFiles/dss_ros2_bridge__rosidl_typesupport_introspection_c.dir/rosidl_typesupport_introspection_c/dss_ros2_bridge/msg/detail/dss_control__type_support.c.o
[ 28%] Building CXX object CMakeFiles/dss_ros2_bridge__rosidl_typesupport_fastrtps_c.dir/rosidl_typesupport_fastrtps_c/dss_ros2_bridge/msg/detail/dss_control__type_support_c.cpp.o
[ 30%] Linking CXX shared library libdss_ros2_bridge__rosidl_typesupport_c.so
[ 32%] Linking C shared library libdss_ros2_bridge__rosidl_typesupport_introspection_c.so
[ 33%] Linking CXX shared library libdss_ros2_bridge__rosidl_typesupport_cpp.so
[ 33%] Built target dss_ros2_bridge__rosidl_typesupport_c
[ 33%] Built target dss_ros2_bridge__rosidl_typesupport_introspection_c
[ 33%] Built target dss_ros2_bridge__rosidl_typesupport_cpp
[ 35%] Building CXX object CMakeFiles/DSSToROSPointCloudNode.dir/src/DSSToROSPointCloud.cpp.o
[ 39%] Building CXX object CMakeFiles/DSSToROSImageNode.dir/src/DSSToROSImage.cpp.o
[ 37%] Building CXX object CMakeFiles/DSSToROSImageNode.dir/src/dss.pb.cc.o
[ 41%] Building CXX object CMakeFiles/DSSToROSPointCloudNode.dir/src/dss.pb.cc.o
[ 42%] Building CXX object CMakeFiles/DSSToROSImageNode.dir/src/defaultGateway.cpp.o
[ 44%] Building CXX object CMakeFiles/DSSToROSGpsNode.dir/src/defaultGateway.cpp.o
[ 46%] Building CXX object CMakeFiles/DSSToROSIMUNode.dir/src/DSSToROSIMU.cpp.o
[ 48%] Building CXX object CMakeFiles/DSSToROSClockNode.dir/src/defaultGateway.cpp.o
[ 51%] Building CXX object CMakeFiles/DSSToROSClockNode.dir/src/DSSToROSClock.cpp.o
[ 51%] Building CXX object CMakeFiles/DSSToROSClockNode.dir/src/dss.pb.cc.o
[ 53%] Building CXX object CMakeFiles/DSSToROSGpsNode.dir/src/DSSToROSGps.cpp.o
[ 55%] Building CXX object CMakeFiles/DSSToROSIMUNode.dir/src/dss.pb.cc.o
[ 57%] Building CXX object CMakeFiles/DSSToROSPointCloudNode.dir/src/defaultGateway.cpp.o
[ 58%] Building CXX object CMakeFiles/DSSToROSIMUNode.dir/src/defaultGateway.cpp.o
[ 60%] Building CXX object CMakeFiles/DSSToROSGpsNode.dir/src/dss.pb.cc.o
[ 62%] Building CXX object CMakeFiles/DSSDemoNode.dir/src/DSSDemo.cpp.o
[ 64%] Building CXX object CMakeFiles/DSSDemoNode.dir/src/dss.pb.cc.o
[ 66%] Building CXX object CMakeFiles/DSSDemoNode.dir/src/defaultGateway.cpp.o
[ 67%] Building CXX object CMakeFiles/DSSDemoNode.dir/src/DSS.VSSClient.cpp.o
[ 69%] Linking CXX shared library libdss_ros2_bridge__rosidl_typesupport_introspection_cpp.so
[ 71%] Linking CXX shared library libdss_ros2_bridge__rosidl_typesupport_fastrtps_cpp.so
[ 71%] Built target dss_ros2_bridge__rosidl_typesupport_introspection_cpp
[ 73%] Linking CXX shared library libdss_ros2_bridge__rosidl_typesupport_fastrtps_c.so
[ 73%] Built target dss_ros2_bridge__rosidl_typesupport_fastrtps_cpp
/home/dss/ros2_ws/src/dss_ros2_bridge/src/DSSToROSPointCloud.cpp:7:10: fatal error: nlohmann/json.hpp: No such file or directory
    7 | #include "nlohmann/json.hpp"
      |          ^~~~~~~~~~~~~~~~~~~
compilation terminated.
gmake[2]: *** [CMakeFiles/DSSToROSPointCloudNode.dir/build.make:76: CMakeFiles/DSSToROSPointCloudNode.dir/src/DSSToROSPointCloud.cpp.o] Error 1
gmake[2]: *** Waiting for unfinished jobs....
/home/dss/ros2_ws/src/dss_ros2_bridge/src/DSSToROSGps.cpp:10:10: fatal error: nlohmann/json.hpp: No such file or directory
   10 | #include "nlohmann/json.hpp"
      |          ^~~~~~~~~~~~~~~~~~~
compilation terminated.
/home/dss/ros2_ws/src/dss_ros2_bridge/src/DSSToROSClock.cpp:9:10: fatal error: nlohmann/json.hpp: No such file or directory
    9 | #include "nlohmann/json.hpp"
      |          ^~~~~~~~~~~~~~~~~~~
compilation terminated.
gmake[2]: *** [CMakeFiles/DSSToROSGpsNode.dir/build.make:76: CMakeFiles/DSSToROSGpsNode.dir/src/DSSToROSGps.cpp.o] Error 1
gmake[2]: *** Waiting for unfinished jobs....
gmake[2]: *** [CMakeFiles/DSSToROSClockNode.dir/build.make:76: CMakeFiles/DSSToROSClockNode.dir/src/DSSToROSClock.cpp.o] Error 1
gmake[2]: *** Waiting for unfinished jobs....
[ 73%] Built target dss_ros2_bridge__rosidl_typesupport_fastrtps_c
[ 73%] Built target dss_ros2_bridge
[ 75%] Generating Python code for ROS interfaces
/home/dss/ros2_ws/src/dss_ros2_bridge/src/DSSToROSImage.cpp:7:10: fatal error: nlohmann/json.hpp: No such file or directory
    7 | #include "nlohmann/json.hpp"
      |          ^~~~~~~~~~~~~~~~~~~
compilation terminated.
gmake[2]: *** [CMakeFiles/DSSToROSImageNode.dir/build.make:76: CMakeFiles/DSSToROSImageNode.dir/src/DSSToROSImage.cpp.o] Error 1
gmake[2]: *** Waiting for unfinished jobs....
/home/dss/ros2_ws/src/dss_ros2_bridge/src/DSSToROSIMU.cpp:14:10: fatal error: nlohmann/json.hpp: No such file or directory
   14 | #include "nlohmann/json.hpp"
      |          ^~~~~~~~~~~~~~~~~~~
compilation terminated.
gmake[2]: *** [CMakeFiles/DSSToROSIMUNode.dir/build.make:76: CMakeFiles/DSSToROSIMUNode.dir/src/DSSToROSIMU.cpp.o] Error 1
gmake[2]: *** Waiting for unfinished jobs....
[ 75%] Built target dss_ros2_bridge__py
[ 76%] Building C object CMakeFiles/dss_ros2_bridge__rosidl_generator_py.dir/rosidl_generator_py/dss_ros2_bridge/msg/_dss_control_s.c.o
[ 78%] Linking C shared library rosidl_generator_py/dss_ros2_bridge/libdss_ros2_bridge__rosidl_generator_py.so
[ 78%] Built target dss_ros2_bridge__rosidl_generator_py
[ 80%] Building C object CMakeFiles/dss_ros2_bridge__rosidl_typesupport_introspection_c__pyext.dir/rosidl_generator_py/dss_ros2_bridge/_dss_ros2_bridge_s.ep.rosidl_typesupport_introspection_c.c.o
[ 82%] Building C object CMakeFiles/dss_ros2_bridge__rosidl_typesupport_c__pyext.dir/rosidl_generator_py/dss_ros2_bridge/_dss_ros2_bridge_s.ep.rosidl_typesupport_c.c.o
[ 83%] Building C object CMakeFiles/dss_ros2_bridge__rosidl_typesupport_fastrtps_c__pyext.dir/rosidl_generator_py/dss_ros2_bridge/_dss_ros2_bridge_s.ep.rosidl_typesupport_fastrtps_c.c.o
[ 87%] Linking C shared library rosidl_generator_py/dss_ros2_bridge/dss_ros2_bridge_s__rosidl_typesupport_introspection_c.cpython-310-x86_64-linux-gnu.so
[ 87%] Linking C shared library rosidl_generator_py/dss_ros2_bridge/dss_ros2_bridge_s__rosidl_typesupport_c.cpython-310-x86_64-linux-gnu.so
[ 89%] Linking C shared library rosidl_generator_py/dss_ros2_bridge/dss_ros2_bridge_s__rosidl_typesupport_fastrtps_c.cpython-310-x86_64-linux-gnu.so
[ 89%] Built target dss_ros2_bridge__rosidl_typesupport_c__pyext
[ 89%] Built target dss_ros2_bridge__rosidl_typesupport_introspection_c__pyext
[ 89%] Built target dss_ros2_bridge__rosidl_typesupport_fastrtps_c__pyext
gmake[1]: *** [CMakeFiles/Makefile2:657: CMakeFiles/DSSToROSIMUNode.dir/all] Error 2
gmake[1]: *** Waiting for unfinished jobs....
gmake[1]: *** [CMakeFiles/Makefile2:630: CMakeFiles/DSSToROSPointCloudNode.dir/all] Error 2
gmake[1]: *** [CMakeFiles/Makefile2:711: CMakeFiles/DSSToROSGpsNode.dir/all] Error 2
gmake[1]: *** [CMakeFiles/Makefile2:603: CMakeFiles/DSSToROSImageNode.dir/all] Error 2
gmake[1]: *** [CMakeFiles/Makefile2:684: CMakeFiles/DSSToROSClockNode.dir/all] Error 2
[ 91%] Linking CXX executable DSSDemoNode
[ 91%] Built target DSSDemoNode
gmake: *** [Makefile:146: all] Error 2
