[0.000000] (-) TimerEvent: {}
[0.000190] (dss_ros2_bridge) JobQueued: {'identifier': 'dss_ros2_bridge', 'dependencies': OrderedDict()}
[0.000734] (dss_ros2_bridge) JobStarted: {'identifier': 'dss_ros2_bridge'}
[0.003942] (dss_ros2_bridge) JobProgress: {'identifier': 'dss_ros2_bridge', 'progress': 'cmake'}
[0.004495] (dss_ros2_bridge) Command: {'cmd': ['/usr/bin/cmake', '/home/dss/ros2_ws/src/dss_ros2_bridge', '-DCMAKE_INSTALL_PREFIX=/home/dss/ros2_ws/install/dss_ros2_bridge'], 'cwd': '/home/dss/ros2_ws/build/dss_ros2_bridge', 'env': OrderedDict([('LESSOPEN', '| /usr/bin/lesspipe %s'), ('USER', 'dss'), ('GIT_ASKPASS', '/home/dss/.vscode-server/bin/c9d77990917f3102ada88be140d28b038d1dd7c7/extensions/git/dist/askpass.sh'), ('SHLVL', '1'), ('LD_LIBRARY_PATH', '/opt/ros/humble/opt/rviz_ogre_vendor/lib:/opt/ros/humble/lib/x86_64-linux-gnu:/opt/ros/humble/lib'), ('HOME', '/home/dss'), ('OLDPWD', '/tmp/nats.c/build'), ('TERM_PROGRAM_VERSION', '1.108.2'), ('VSCODE_IPC_HOOK_CLI', '/run/user/1000/vscode-ipc-2ef61cd0-1c3f-4b26-bd47-144eee68fdc3.sock'), ('ROS_PYTHON_VERSION', '3'), ('VSCODE_GIT_ASKPASS_MAIN', '/home/dss/.vscode-server/bin/c9d77990917f3102ada88be140d28b038d1dd7c7/extensions/git/dist/askpass-main.js'), ('VSCODE_GIT_ASKPASS_NODE', '/home/dss/.vscode-server/bin/c9d77990917f3102ada88be140d28b038d1dd7c7/node'), ('VSCODE_PYTHON_AUTOACTIVATE_GUARD', '1'), ('DBUS_SESSION_BUS_ADDRESS', 'unix:path=/run/user/1000/bus'), ('COLORTERM', 'truecolor'), ('WSL_DISTRO_NAME', 'Ubuntu-22.04'), ('WAYLAND_DISPLAY', 'wayland-0'), ('ROS_DISTRO', 'humble'), ('LOGNAME', 'dss'), ('NAME', 'Code'), ('WSL_INTEROP', '/run/WSL/742_interop'), ('PULSE_SERVER', 'unix:/mnt/wslg/PulseServer'), ('_', '/usr/bin/colcon'), ('ROS_VERSION', '2'), ('TERM', 'xterm-256color'), ('ROS_LOCALHOST_ONLY', '0'), ('HISTCONTROL', 'ignorespace'), ('PATH', '/home/dss/.vscode-server/data/User/globalStorage/github.copilot-chat/debugCommand:/home/dss/.vscode-server/data/User/globalStorage/github.copilot-chat/copilotCli:/home/dss/.vscode-server/bin/c9d77990917f3102ada88be140d28b038d1dd7c7/bin/remote-cli:/opt/ros/humble/bin:/usr/local/sbin:/usr/local/bin:/usr/sbin:/usr/bin:/sbin:/bin:/usr/games:/usr/local/games:/usr/lib/wsl/lib:/mnt/c/Windows/system32:/mnt/c/Windows:/mnt/c/Windows/System32/Wbem:/mnt/c/Windows/System32/WindowsPowerShell/v1.0/:/mnt/c/Windows/System32/OpenSSH/:/mnt/c/Program Files/dotnet/:/mnt/c/Program Files/MATLAB/R2024b/bin:/mnt/c/Program Files (x86)/IVI Foundation/VISA/WinNT/Bin/:/mnt/c/Program Files/IVI Foundation/VISA/Win64/Bin/:/mnt/c/Program Files (x86)/National Instruments/Shared/LabVIEW CLI:/mnt/c/Program Files (x86)/IVI Foundation/VISA/WinNT/Bin:/mnt/c/Users/USER/AppData/Local/Microsoft/WindowsApps:/mnt/c/Users/USER/AppData/Local/Programs/Microsoft VS Code/bin:/snap/bin'), ('XDG_RUNTIME_DIR', '/run/user/1000/'), ('DISPLAY', ':0'), ('LANG', 'C.UTF-8'), ('LS_COLORS', 'rs=0:di=01;34:ln=01;36:mh=00:pi=40;33:so=01;35:do=01;35:bd=40;33;01:cd=40;33;01:or=40;31;01:mi=00:su=37;41:sg=30;43:ca=30;41:tw=30;42:ow=34;42:st=37;44:ex=01;32:*.tar=01;31:*.tgz=01;31:*.arc=01;31:*.arj=01;31:*.taz=01;31:*.lha=01;31:*.lz4=01;31:*.lzh=01;31:*.lzma=01;31:*.tlz=01;31:*.txz=01;31:*.tzo=01;31:*.t7z=01;31:*.zip=01;31:*.z=01;31:*.dz=01;31:*.gz=01;31:*.lrz=01;31:*.lz=01;31:*.lzo=01;31:*.xz=01;31:*.zst=01;31:*.tzst=01;31:*.bz2=01;31:*.bz=01;31:*.tbz=01;31:*.tbz2=01;31:*.tz=01;31:*.deb=01;31:*.rpm=01;31:*.jar=01;31:*.war=01;31:*.ear=01;31:*.sar=01;31:*.rar=01;31:*.alz=01;31:*.ace=01;31:*.zoo=01;31:*.cpio=01;31:*.7z=01;31:*.rz=01;31:*.cab=01;31:*.wim=01;31:*.swm=01;31:*.dwm=01;31:*.esd=01;31:*.jpg=01;35:*.jpeg=01;35:*.mjpg=01;35:*.mjpeg=01;35:*.gif=01;35:*.bmp=01;35:*.pbm=01;35:*.pgm=01;35:*.ppm=01;35:*.tga=01;35:*.xbm=01;35:*.xpm=01;35:*.tif=01;35:*.tiff=01;35:*.png=01;35:*.svg=01;35:*.svgz=01;35:*.mng=01;35:*.pcx=01;35:*.mov=01;35:*.mpg=01;35:*.mpeg=01;35:*.m2v=01;35:*.mkv=01;35:*.webm=01;35:*.webp=01;35:*.ogm=01;35:*.mp4=01;35:*.m4v=01;35:*.mp4v=01;35:*.vob=01;35:*.qt=01;35:*.nuv=01;35:*.wmv=01;35:*.asf=01;35:*.rm=01;35:*.rmvb=01;35:*.flc=01;35:*.avi=01;35:*.fli=01;35:*.flv=01;35:*.gl=01;35:*.dl=01;35:*.xcf=01;35:*.xwd=01;35:*.yuv=01;35:*.cgm=01;35:*.emf=01;35:*.ogv=01;35:*.ogx=01;35:*.aac=00;36:*.au=00;36:*.flac=00;36:*.m4a=00;36:*.mid=00;36:*.midi=00;36:*.mka=00;36:*.mp3=00;36:*.mpc=00;36:*.ogg=00;36:*.ra=00;36:*.wav=00;36:*.oga=00;36:*.opus=00;36:*.spx=00;36:*.xspf=00;36:'), ('VSCODE_GIT_IPC_HANDLE', '/run/user/1000/vscode-git-ec2f2f0c9a.sock'), ('TERM_PROGRAM', 'vscode'), ('AMENT_PREFIX_PATH', '/opt/ros/humble'), ('SHELL', '/bin/bash'), ('LESSCLOSE', '/usr/bin/lesspipe %s %s'), ('VSCODE_GIT_ASKPASS_EXTRA_ARGS', ''), ('GIT_PAGER', 'cat'), ('PWD', '/home/dss/ros2_ws/build/dss_ros2_bridge'), ('XDG_DATA_DIRS', '/usr/local/share:/usr/share:/var/lib/snapd/desktop'), ('PYTHONPATH', '/opt/ros/humble/lib/python3.10/site-packages:/opt/ros/humble/local/lib/python3.10/dist-packages'), ('COLCON', '1'), ('WSL2_GUI_APPS_ENABLED', '1'), ('HOSTTYPE', 'x86_64'), ('WSLENV', 'ELECTRON_RUN_AS_NODE/w:'), ('CMAKE_PREFIX_PATH', '/opt/ros/humble')]), 'shell': False}
[0.047936] (dss_ros2_bridge) StdoutLine: {'line': b'-- The C compiler identification is GNU 11.4.0\n'}
[0.099985] (-) TimerEvent: {}
[0.161382] (dss_ros2_bridge) StdoutLine: {'line': b'-- The CXX compiler identification is GNU 11.4.0\n'}
[0.200081] (-) TimerEvent: {}
[0.235576] (dss_ros2_bridge) StdoutLine: {'line': b'-- Detecting C compiler ABI info\n'}
[0.300153] (-) TimerEvent: {}
[0.302211] (dss_ros2_bridge) StdoutLine: {'line': b'-- Detecting C compiler ABI info - done\n'}
[0.305521] (dss_ros2_bridge) StdoutLine: {'line': b'-- Check for working C compiler: /usr/bin/cc - skipped\n'}
[0.305638] (dss_ros2_bridge) StdoutLine: {'line': b'-- Detecting C compile features\n'}
[0.305838] (dss_ros2_bridge) StdoutLine: {'line': b'-- Detecting C compile features - done\n'}
[0.307213] (dss_ros2_bridge) StdoutLine: {'line': b'-- Detecting CXX compiler ABI info\n'}
[0.371657] (dss_ros2_bridge) StdoutLine: {'line': b'-- Detecting CXX compiler ABI info - done\n'}
[0.375122] (dss_ros2_bridge) StdoutLine: {'line': b'-- Check for working CXX compiler: /usr/bin/c++ - skipped\n'}
[0.375270] (dss_ros2_bridge) StdoutLine: {'line': b'-- Detecting CXX compile features\n'}
[0.375504] (dss_ros2_bridge) StdoutLine: {'line': b'-- Detecting CXX compile features - done\n'}
[0.376452] (dss_ros2_bridge) StdoutLine: {'line': b'-- Found ament_cmake: 1.3.12 (/opt/ros/humble/share/ament_cmake/cmake)\n'}
[0.400203] (-) TimerEvent: {}
[0.444692] (dss_ros2_bridge) StdoutLine: {'line': b'-- Found Python3: /usr/bin/python3 (found version "3.10.12") found components: Interpreter \n'}
[0.482300] (dss_ros2_bridge) StdoutLine: {'line': b'-- Found rclcpp: 16.0.17 (/opt/ros/humble/share/rclcpp/cmake)\n'}
[0.500302] (-) TimerEvent: {}
[0.530313] (dss_ros2_bridge) StdoutLine: {'line': b'-- Found rosidl_generator_c: 3.1.8 (/opt/ros/humble/share/rosidl_generator_c/cmake)\n'}
[0.531990] (dss_ros2_bridge) StdoutLine: {'line': b'-- Found rosidl_adapter: 3.1.8 (/opt/ros/humble/share/rosidl_adapter/cmake)\n'}
[0.535683] (dss_ros2_bridge) StdoutLine: {'line': b'-- Found rosidl_generator_cpp: 3.1.8 (/opt/ros/humble/share/rosidl_generator_cpp/cmake)\n'}
[0.540976] (dss_ros2_bridge) StdoutLine: {'line': b'-- Using all available rosidl_typesupport_c: rosidl_typesupport_fastrtps_c;rosidl_typesupport_introspection_c\n'}
[0.547444] (dss_ros2_bridge) StdoutLine: {'line': b'-- Using all available rosidl_typesupport_cpp: rosidl_typesupport_fastrtps_cpp;rosidl_typesupport_introspection_cpp\n'}
[0.565128] (dss_ros2_bridge) StdoutLine: {'line': b'-- Found rmw_implementation_cmake: 6.1.2 (/opt/ros/humble/share/rmw_implementation_cmake/cmake)\n'}
[0.566070] (dss_ros2_bridge) StdoutLine: {'line': b'-- Found rmw_fastrtps_cpp: 6.2.9 (/opt/ros/humble/share/rmw_fastrtps_cpp/cmake)\n'}
[0.600395] (-) TimerEvent: {}
[0.700530] (-) TimerEvent: {}
[0.800667] (-) TimerEvent: {}
[0.889004] (dss_ros2_bridge) StdoutLine: {'line': b'-- Found OpenSSL: /usr/lib/x86_64-linux-gnu/libcrypto.so (found version "3.0.2")  \n'}
[0.900718] (-) TimerEvent: {}
[1.000883] (-) TimerEvent: {}
[1.101027] (-) TimerEvent: {}
[1.201168] (-) TimerEvent: {}
[1.214987] (dss_ros2_bridge) StdoutLine: {'line': b'-- Found FastRTPS: /opt/ros/humble/include  \n'}
[1.301250] (-) TimerEvent: {}
[1.401392] (-) TimerEvent: {}
[1.501545] (-) TimerEvent: {}
[1.601697] (-) TimerEvent: {}
[1.701823] (-) TimerEvent: {}
[1.801988] (-) TimerEvent: {}
[1.820531] (dss_ros2_bridge) StdoutLine: {'line': b"-- Using RMW implementation 'rmw_fastrtps_cpp' as default\n"}
[1.823772] (dss_ros2_bridge) StdoutLine: {'line': b'-- Looking for pthread.h\n'}
[1.874016] (dss_ros2_bridge) StdoutLine: {'line': b'-- Looking for pthread.h - found\n'}
[1.874177] (dss_ros2_bridge) StdoutLine: {'line': b'-- Performing Test CMAKE_HAVE_LIBC_PTHREAD\n'}
[1.902095] (-) TimerEvent: {}
[1.925370] (dss_ros2_bridge) StdoutLine: {'line': b'-- Performing Test CMAKE_HAVE_LIBC_PTHREAD - Success\n'}
[1.925924] (dss_ros2_bridge) StdoutLine: {'line': b'-- Found Threads: TRUE  \n'}
[1.949123] (dss_ros2_bridge) StdoutLine: {'line': b'-- Found rclpy: 3.3.19 (/opt/ros/humble/share/rclpy/cmake)\n'}
[1.949464] (dss_ros2_bridge) StdoutLine: {'line': b'-- Found cv_bridge: 3.2.1 (/opt/ros/humble/share/cv_bridge/cmake)\n'}
[1.968273] (dss_ros2_bridge) StdoutLine: {'line': b'-- Found nav_msgs: 4.9.0 (/opt/ros/humble/share/nav_msgs/cmake)\n'}
[1.977047] (dss_ros2_bridge) StdoutLine: {'line': b'-- Found visualization_msgs: 4.9.0 (/opt/ros/humble/share/visualization_msgs/cmake)\n'}
[1.987465] (dss_ros2_bridge) StdoutLine: {'line': b'-- Found OpenCV: /usr (found version "4.5.4") \n'}
[2.002159] (-) TimerEvent: {}
[2.041454] (dss_ros2_bridge) StdoutLine: {'line': b'-- Found rosidl_default_generators: 1.2.0 (/opt/ros/humble/share/rosidl_default_generators/cmake)\n'}
[2.102238] (-) TimerEvent: {}
[2.165029] (dss_ros2_bridge) StdoutLine: {'line': b'-- Found ament_cmake_ros: 0.10.0 (/opt/ros/humble/share/ament_cmake_ros/cmake)\n'}
[2.202310] (-) TimerEvent: {}
[2.302432] (-) TimerEvent: {}
[2.304517] (dss_ros2_bridge) StdoutLine: {'line': b'-- Using all available rosidl_typesupport_c: rosidl_typesupport_fastrtps_c;rosidl_typesupport_introspection_c\n'}
[2.357522] (dss_ros2_bridge) StdoutLine: {'line': b'-- Using all available rosidl_typesupport_cpp: rosidl_typesupport_fastrtps_cpp;rosidl_typesupport_introspection_cpp\n'}
[2.390774] (dss_ros2_bridge) StdoutLine: {'line': b'-- Found PythonInterp: /usr/bin/python3 (found suitable version "3.10.12", minimum required is "3.6") \n'}
[2.391241] (dss_ros2_bridge) StdoutLine: {'line': b'-- Found python_cmake_module: 0.10.0 (/opt/ros/humble/share/python_cmake_module/cmake)\n'}
[2.402503] (-) TimerEvent: {}
[2.485307] (dss_ros2_bridge) StdoutLine: {'line': b'-- Found PythonLibs: /usr/lib/x86_64-linux-gnu/libpython3.10.so (found suitable version "3.10.12", minimum required is "3.5") \n'}
[2.485437] (dss_ros2_bridge) StdoutLine: {'line': b'-- Using PYTHON_EXECUTABLE: /usr/bin/python3\n'}
[2.485463] (dss_ros2_bridge) StdoutLine: {'line': b'-- Using PYTHON_INCLUDE_DIRS: /usr/include/python3.10\n'}
[2.485483] (dss_ros2_bridge) StdoutLine: {'line': b'-- Using PYTHON_LIBRARIES: /usr/lib/x86_64-linux-gnu/libpython3.10.so\n'}
[2.495372] (dss_ros2_bridge) StdoutLine: {'line': b'-- Found PythonExtra: .so  \n'}
[2.502531] (-) TimerEvent: {}
[2.526233] (dss_ros2_bridge) StdoutLine: {'line': b'-- Configuring done\n'}
[2.559818] (dss_ros2_bridge) StdoutLine: {'line': b'-- Generating done\n'}
[2.570400] (dss_ros2_bridge) StdoutLine: {'line': b'-- Build files have been written to: /home/dss/ros2_ws/build/dss_ros2_bridge\n'}
[2.576177] (dss_ros2_bridge) CommandEnded: {'returncode': 0}
[2.576587] (dss_ros2_bridge) JobProgress: {'identifier': 'dss_ros2_bridge', 'progress': 'build'}
[2.577301] (dss_ros2_bridge) Command: {'cmd': ['/usr/bin/cmake', '--build', '/home/dss/ros2_ws/build/dss_ros2_bridge', '--', '-j24', '-l24'], 'cwd': '/home/dss/ros2_ws/build/dss_ros2_bridge', 'env': OrderedDict([('LESSOPEN', '| /usr/bin/lesspipe %s'), ('USER', 'dss'), ('GIT_ASKPASS', '/home/dss/.vscode-server/bin/c9d77990917f3102ada88be140d28b038d1dd7c7/extensions/git/dist/askpass.sh'), ('SHLVL', '1'), ('LD_LIBRARY_PATH', '/opt/ros/humble/opt/rviz_ogre_vendor/lib:/opt/ros/humble/lib/x86_64-linux-gnu:/opt/ros/humble/lib'), ('HOME', '/home/dss'), ('OLDPWD', '/tmp/nats.c/build'), ('TERM_PROGRAM_VERSION', '1.108.2'), ('VSCODE_IPC_HOOK_CLI', '/run/user/1000/vscode-ipc-2ef61cd0-1c3f-4b26-bd47-144eee68fdc3.sock'), ('ROS_PYTHON_VERSION', '3'), ('VSCODE_GIT_ASKPASS_MAIN', '/home/dss/.vscode-server/bin/c9d77990917f3102ada88be140d28b038d1dd7c7/extensions/git/dist/askpass-main.js'), ('VSCODE_GIT_ASKPASS_NODE', '/home/dss/.vscode-server/bin/c9d77990917f3102ada88be140d28b038d1dd7c7/node'), ('VSCODE_PYTHON_AUTOACTIVATE_GUARD', '1'), ('DBUS_SESSION_BUS_ADDRESS', 'unix:path=/run/user/1000/bus'), ('COLORTERM', 'truecolor'), ('WSL_DISTRO_NAME', 'Ubuntu-22.04'), ('WAYLAND_DISPLAY', 'wayland-0'), ('ROS_DISTRO', 'humble'), ('LOGNAME', 'dss'), ('NAME', 'Code'), ('WSL_INTEROP', '/run/WSL/742_interop'), ('PULSE_SERVER', 'unix:/mnt/wslg/PulseServer'), ('_', '/usr/bin/colcon'), ('ROS_VERSION', '2'), ('TERM', 'xterm-256color'), ('ROS_LOCALHOST_ONLY', '0'), ('HISTCONTROL', 'ignorespace'), ('PATH', '/home/dss/.vscode-server/data/User/globalStorage/github.copilot-chat/debugCommand:/home/dss/.vscode-server/data/User/globalStorage/github.copilot-chat/copilotCli:/home/dss/.vscode-server/bin/c9d77990917f3102ada88be140d28b038d1dd7c7/bin/remote-cli:/opt/ros/humble/bin:/usr/local/sbin:/usr/local/bin:/usr/sbin:/usr/bin:/sbin:/bin:/usr/games:/usr/local/games:/usr/lib/wsl/lib:/mnt/c/Windows/system32:/mnt/c/Windows:/mnt/c/Windows/System32/Wbem:/mnt/c/Windows/System32/WindowsPowerShell/v1.0/:/mnt/c/Windows/System32/OpenSSH/:/mnt/c/Program Files/dotnet/:/mnt/c/Program Files/MATLAB/R2024b/bin:/mnt/c/Program Files (x86)/IVI Foundation/VISA/WinNT/Bin/:/mnt/c/Program Files/IVI Foundation/VISA/Win64/Bin/:/mnt/c/Program Files (x86)/National Instruments/Shared/LabVIEW CLI:/mnt/c/Program Files (x86)/IVI Foundation/VISA/WinNT/Bin:/mnt/c/Users/USER/AppData/Local/Microsoft/WindowsApps:/mnt/c/Users/USER/AppData/Local/Programs/Microsoft VS Code/bin:/snap/bin'), ('XDG_RUNTIME_DIR', '/run/user/1000/'), ('DISPLAY', ':0'), ('LANG', 'C.UTF-8'), ('LS_COLORS', 'rs=0:di=01;34:ln=01;36:mh=00:pi=40;33:so=01;35:do=01;35:bd=40;33;01:cd=40;33;01:or=40;31;01:mi=00:su=37;41:sg=30;43:ca=30;41:tw=30;42:ow=34;42:st=37;44:ex=01;32:*.tar=01;31:*.tgz=01;31:*.arc=01;31:*.arj=01;31:*.taz=01;31:*.lha=01;31:*.lz4=01;31:*.lzh=01;31:*.lzma=01;31:*.tlz=01;31:*.txz=01;31:*.tzo=01;31:*.t7z=01;31:*.zip=01;31:*.z=01;31:*.dz=01;31:*.gz=01;31:*.lrz=01;31:*.lz=01;31:*.lzo=01;31:*.xz=01;31:*.zst=01;31:*.tzst=01;31:*.bz2=01;31:*.bz=01;31:*.tbz=01;31:*.tbz2=01;31:*.tz=01;31:*.deb=01;31:*.rpm=01;31:*.jar=01;31:*.war=01;31:*.ear=01;31:*.sar=01;31:*.rar=01;31:*.alz=01;31:*.ace=01;31:*.zoo=01;31:*.cpio=01;31:*.7z=01;31:*.rz=01;31:*.cab=01;31:*.wim=01;31:*.swm=01;31:*.dwm=01;31:*.esd=01;31:*.jpg=01;35:*.jpeg=01;35:*.mjpg=01;35:*.mjpeg=01;35:*.gif=01;35:*.bmp=01;35:*.pbm=01;35:*.pgm=01;35:*.ppm=01;35:*.tga=01;35:*.xbm=01;35:*.xpm=01;35:*.tif=01;35:*.tiff=01;35:*.png=01;35:*.svg=01;35:*.svgz=01;35:*.mng=01;35:*.pcx=01;35:*.mov=01;35:*.mpg=01;35:*.mpeg=01;35:*.m2v=01;35:*.mkv=01;35:*.webm=01;35:*.webp=01;35:*.ogm=01;35:*.mp4=01;35:*.m4v=01;35:*.mp4v=01;35:*.vob=01;35:*.qt=01;35:*.nuv=01;35:*.wmv=01;35:*.asf=01;35:*.rm=01;35:*.rmvb=01;35:*.flc=01;35:*.avi=01;35:*.fli=01;35:*.flv=01;35:*.gl=01;35:*.dl=01;35:*.xcf=01;35:*.xwd=01;35:*.yuv=01;35:*.cgm=01;35:*.emf=01;35:*.ogv=01;35:*.ogx=01;35:*.aac=00;36:*.au=00;36:*.flac=00;36:*.m4a=00;36:*.mid=00;36:*.midi=00;36:*.mka=00;36:*.mp3=00;36:*.mpc=00;36:*.ogg=00;36:*.ra=00;36:*.wav=00;36:*.oga=00;36:*.opus=00;36:*.spx=00;36:*.xspf=00;36:'), ('VSCODE_GIT_IPC_HANDLE', '/run/user/1000/vscode-git-ec2f2f0c9a.sock'), ('TERM_PROGRAM', 'vscode'), ('AMENT_PREFIX_PATH', '/opt/ros/humble'), ('SHELL', '/bin/bash'), ('LESSCLOSE', '/usr/bin/lesspipe %s %s'), ('VSCODE_GIT_ASKPASS_EXTRA_ARGS', ''), ('GIT_PAGER', 'cat'), ('PWD', '/home/dss/ros2_ws/build/dss_ros2_bridge'), ('XDG_DATA_DIRS', '/usr/local/share:/usr/share:/var/lib/snapd/desktop'), ('PYTHONPATH', '/opt/ros/humble/lib/python3.10/site-packages:/opt/ros/humble/local/lib/python3.10/dist-packages'), ('COLCON', '1'), ('WSL2_GUI_APPS_ENABLED', '1'), ('HOSTTYPE', 'x86_64'), ('WSLENV', 'ELECTRON_RUN_AS_NODE/w:'), ('CMAKE_PREFIX_PATH', '/opt/ros/humble')]), 'shell': False}
[2.595921] (dss_ros2_bridge) StdoutLine: {'line': b'[  1%] Generating C code for ROS interfaces\n'}
[2.600868] (dss_ros2_bridge) StdoutLine: {'line': b'[  3%] Generating C++ code for ROS interfaces\n'}
[2.602590] (-) TimerEvent: {}
[2.603911] (dss_ros2_bridge) StdoutLine: {'line': b'[  3%] Built target ament_cmake_python_copy_dss_ros2_bridge\n'}
[2.702762] (-) TimerEvent: {}
[2.705579] (dss_ros2_bridge) StdoutLine: {'line': b'running egg_info\n'}
[2.705862] (dss_ros2_bridge) StdoutLine: {'line': b'creating dss_ros2_bridge.egg-info\n'}
[2.706126] (dss_ros2_bridge) StdoutLine: {'line': b'writing dss_ros2_bridge.egg-info/PKG-INFO\n'}
[2.706258] (dss_ros2_bridge) StdoutLine: {'line': b'writing dependency_links to dss_ros2_bridge.egg-info/dependency_links.txt\n'}
[2.706443] (dss_ros2_bridge) StdoutLine: {'line': b'writing top-level names to dss_ros2_bridge.egg-info/top_level.txt\n'}
[2.706626] (dss_ros2_bridge) StdoutLine: {'line': b"writing manifest file 'dss_ros2_bridge.egg-info/SOURCES.txt'\n"}
[2.707349] (dss_ros2_bridge) StdoutLine: {'line': b"reading manifest file 'dss_ros2_bridge.egg-info/SOURCES.txt'\n"}
[2.707598] (dss_ros2_bridge) StdoutLine: {'line': b"writing manifest file 'dss_ros2_bridge.egg-info/SOURCES.txt'\n"}
[2.710105] (dss_ros2_bridge) StdoutLine: {'line': b'[  3%] Built target dss_ros2_bridge__cpp\n'}
[2.711878] (dss_ros2_bridge) StdoutLine: {'line': b'[  5%] Building C object CMakeFiles/dss_ros2_bridge__rosidl_generator_c.dir/rosidl_generator_c/dss_ros2_bridge/msg/detail/dss_control__functions.c.o\n'}
[2.715112] (dss_ros2_bridge) StdoutLine: {'line': b'[  8%] Generating C++ type support for eProsima Fast-RTPS\n'}
[2.715206] (dss_ros2_bridge) StdoutLine: {'line': b'[  8%] Generating C++ type support dispatch for ROS interfaces\n'}
[2.715364] (dss_ros2_bridge) StdoutLine: {'line': b'[ 10%] Generating C++ introspection for ROS interfaces\n'}
[2.721735] (dss_ros2_bridge) StdoutLine: {'line': b'[ 10%] Built target ament_cmake_python_build_dss_ros2_bridge_egg\n'}
[2.735285] (dss_ros2_bridge) StdoutLine: {'line': b'[ 12%] Linking C shared library libdss_ros2_bridge__rosidl_generator_c.so\n'}
[2.780957] (dss_ros2_bridge) StdoutLine: {'line': b'[ 12%] Built target dss_ros2_bridge__rosidl_generator_c\n'}
[2.785465] (dss_ros2_bridge) StdoutLine: {'line': b'[ 17%] Generating C type support for eProsima Fast-RTPS\n'}
[2.785551] (dss_ros2_bridge) StdoutLine: {'line': b'[ 17%] Generating C type support dispatch for ROS interfaces\n'}
[2.785573] (dss_ros2_bridge) StdoutLine: {'line': b'[ 17%] Generating C introspection for ROS interfaces\n'}
[2.802856] (-) TimerEvent: {}
[2.815186] (dss_ros2_bridge) StdoutLine: {'line': b'[ 19%] Building CXX object CMakeFiles/dss_ros2_bridge__rosidl_typesupport_cpp.dir/rosidl_typesupport_cpp/dss_ros2_bridge/msg/dss_control__type_support.cpp.o\n'}
[2.822231] (dss_ros2_bridge) StdoutLine: {'line': b'[ 21%] Building CXX object CMakeFiles/dss_ros2_bridge__rosidl_typesupport_introspection_cpp.dir/rosidl_typesupport_introspection_cpp/dss_ros2_bridge/msg/detail/dss_control__type_support.cpp.o\n'}
[2.826157] (dss_ros2_bridge) StdoutLine: {'line': b'[ 23%] Building CXX object CMakeFiles/dss_ros2_bridge__rosidl_typesupport_fastrtps_cpp.dir/rosidl_typesupport_fastrtps_cpp/dss_ros2_bridge/msg/detail/dds_fastrtps/dss_control__type_support.cpp.o\n'}
[2.890287] (dss_ros2_bridge) StdoutLine: {'line': b'[ 25%] Building CXX object CMakeFiles/dss_ros2_bridge__rosidl_typesupport_c.dir/rosidl_typesupport_c/dss_ros2_bridge/msg/dss_control__type_support.cpp.o\n'}
[2.899831] (dss_ros2_bridge) StdoutLine: {'line': b'[ 26%] Building C object CMakeFiles/dss_ros2_bridge__rosidl_typesupport_introspection_c.dir/rosidl_typesupport_introspection_c/dss_ros2_bridge/msg/detail/dss_control__type_support.c.o\n'}
[2.902932] (-) TimerEvent: {}
[2.904470] (dss_ros2_bridge) StdoutLine: {'line': b'[ 28%] Building CXX object CMakeFiles/dss_ros2_bridge__rosidl_typesupport_fastrtps_c.dir/rosidl_typesupport_fastrtps_c/dss_ros2_bridge/msg/detail/dss_control__type_support_c.cpp.o\n'}
[2.904763] (dss_ros2_bridge) StdoutLine: {'line': b'[ 30%] Linking CXX shared library libdss_ros2_bridge__rosidl_typesupport_c.so\n'}
[2.915169] (dss_ros2_bridge) StdoutLine: {'line': b'[ 32%] Linking C shared library libdss_ros2_bridge__rosidl_typesupport_introspection_c.so\n'}
[2.938342] (dss_ros2_bridge) StdoutLine: {'line': b'[ 33%] Linking CXX shared library libdss_ros2_bridge__rosidl_typesupport_cpp.so\n'}
[2.945362] (dss_ros2_bridge) StdoutLine: {'line': b'[ 33%] Built target dss_ros2_bridge__rosidl_typesupport_c\n'}
[2.950593] (dss_ros2_bridge) StdoutLine: {'line': b'[ 33%] Built target dss_ros2_bridge__rosidl_typesupport_introspection_c\n'}
[2.977476] (dss_ros2_bridge) StdoutLine: {'line': b'[ 33%] Built target dss_ros2_bridge__rosidl_typesupport_cpp\n'}
[2.988876] (dss_ros2_bridge) StdoutLine: {'line': b'[ 35%] Building CXX object CMakeFiles/DSSToROSPointCloudNode.dir/src/DSSToROSPointCloud.cpp.o\n'}
[2.989135] (dss_ros2_bridge) StdoutLine: {'line': b'[ 39%] Building CXX object CMakeFiles/DSSToROSImageNode.dir/src/DSSToROSImage.cpp.o\n'}
[2.989186] (dss_ros2_bridge) StdoutLine: {'line': b'[ 37%] Building CXX object CMakeFiles/DSSToROSImageNode.dir/src/dss.pb.cc.o\n'}
[2.989220] (dss_ros2_bridge) StdoutLine: {'line': b'[ 41%] Building CXX object CMakeFiles/DSSToROSPointCloudNode.dir/src/dss.pb.cc.o\n'}
[2.990242] (dss_ros2_bridge) StdoutLine: {'line': b'[ 42%] Building CXX object CMakeFiles/DSSToROSImageNode.dir/src/defaultGateway.cpp.o\n'}
[2.990342] (dss_ros2_bridge) StdoutLine: {'line': b'[ 44%] Building CXX object CMakeFiles/DSSToROSGpsNode.dir/src/defaultGateway.cpp.o\n'}
[2.990376] (dss_ros2_bridge) StdoutLine: {'line': b'[ 46%] Building CXX object CMakeFiles/DSSToROSIMUNode.dir/src/DSSToROSIMU.cpp.o\n'}
[2.990405] (dss_ros2_bridge) StdoutLine: {'line': b'[ 48%] Building CXX object CMakeFiles/DSSToROSClockNode.dir/src/defaultGateway.cpp.o\n'}
[2.991030] (dss_ros2_bridge) StdoutLine: {'line': b'[ 51%] Building CXX object CMakeFiles/DSSToROSClockNode.dir/src/DSSToROSClock.cpp.o\n'}
[2.991115] (dss_ros2_bridge) StdoutLine: {'line': b'[ 51%] Building CXX object CMakeFiles/DSSToROSClockNode.dir/src/dss.pb.cc.o\n'}
[2.991156] (dss_ros2_bridge) StdoutLine: {'line': b'[ 53%] Building CXX object CMakeFiles/DSSToROSGpsNode.dir/src/DSSToROSGps.cpp.o\n'}
[2.991188] (dss_ros2_bridge) StdoutLine: {'line': b'[ 55%] Building CXX object CMakeFiles/DSSToROSIMUNode.dir/src/dss.pb.cc.o\n'}
[2.991618] (dss_ros2_bridge) StdoutLine: {'line': b'[ 57%] Building CXX object CMakeFiles/DSSToROSPointCloudNode.dir/src/defaultGateway.cpp.o\n'}
[2.991725] (dss_ros2_bridge) StdoutLine: {'line': b'[ 58%] Building CXX object CMakeFiles/DSSToROSIMUNode.dir/src/defaultGateway.cpp.o\n'}
[2.991947] (dss_ros2_bridge) StdoutLine: {'line': b'[ 60%] Building CXX object CMakeFiles/DSSToROSGpsNode.dir/src/dss.pb.cc.o\n'}
[2.993025] (dss_ros2_bridge) StdoutLine: {'line': b'[ 62%] Building CXX object CMakeFiles/DSSDemoNode.dir/src/DSSDemo.cpp.o\n'}
[2.993747] (dss_ros2_bridge) StdoutLine: {'line': b'[ 64%] Building CXX object CMakeFiles/DSSDemoNode.dir/src/dss.pb.cc.o\n'}
[2.993845] (dss_ros2_bridge) StdoutLine: {'line': b'[ 66%] Building CXX object CMakeFiles/DSSDemoNode.dir/src/defaultGateway.cpp.o\n'}
[2.993892] (dss_ros2_bridge) StdoutLine: {'line': b'[ 67%] Building CXX object CMakeFiles/DSSDemoNode.dir/src/DSS.VSSClient.cpp.o\n'}
[2.999826] (dss_ros2_bridge) StdoutLine: {'line': b'[ 69%] Linking CXX shared library libdss_ros2_bridge__rosidl_typesupport_introspection_cpp.so\n'}
[3.003021] (-) TimerEvent: {}
[3.004077] (dss_ros2_bridge) StdoutLine: {'line': b'[ 71%] Linking CXX shared library libdss_ros2_bridge__rosidl_typesupport_fastrtps_cpp.so\n'}
[3.076509] (dss_ros2_bridge) StdoutLine: {'line': b'[ 71%] Built target dss_ros2_bridge__rosidl_typesupport_introspection_cpp\n'}
[3.087825] (dss_ros2_bridge) StdoutLine: {'line': b'[ 73%] Linking CXX shared library libdss_ros2_bridge__rosidl_typesupport_fastrtps_c.so\n'}
[3.103157] (-) TimerEvent: {}
[3.106916] (dss_ros2_bridge) StdoutLine: {'line': b'[ 73%] Built target dss_ros2_bridge__rosidl_typesupport_fastrtps_cpp\n'}
[3.198622] (dss_ros2_bridge) StderrLine: {'line': b'/home/dss/ros2_ws/src/dss_ros2_bridge/src/DSSToROSPointCloud.cpp:7:10: fatal error: nlohmann/json.hpp: No such file or directory\n'}
[3.198774] (dss_ros2_bridge) StderrLine: {'line': b'    7 | #include "nlohmann/json.hpp"\n'}
[3.198799] (dss_ros2_bridge) StderrLine: {'line': b'      |          ^~~~~~~~~~~~~~~~~~~\n'}
[3.198819] (dss_ros2_bridge) StderrLine: {'line': b'compilation terminated.\n'}
[3.202189] (dss_ros2_bridge) StderrLine: {'line': b'gmake[2]: *** [CMakeFiles/DSSToROSPointCloudNode.dir/build.make:76: CMakeFiles/DSSToROSPointCloudNode.dir/src/DSSToROSPointCloud.cpp.o] Error 1\n'}
[3.202581] (dss_ros2_bridge) StderrLine: {'line': b'gmake[2]: *** Waiting for unfinished jobs....\n'}
[3.203214] (-) TimerEvent: {}
[3.204663] (dss_ros2_bridge) StderrLine: {'line': b'/home/dss/ros2_ws/src/dss_ros2_bridge/src/DSSToROSGps.cpp:10:10: fatal error: nlohmann/json.hpp: No such file or directory\n'}
[3.204776] (dss_ros2_bridge) StderrLine: {'line': b'   10 | #include "nlohmann/json.hpp"\n'}
[3.204816] (dss_ros2_bridge) StderrLine: {'line': b'      |          ^~~~~~~~~~~~~~~~~~~\n'}
[3.204851] (dss_ros2_bridge) StderrLine: {'line': b'compilation terminated.\n'}
[3.206516] (dss_ros2_bridge) StderrLine: {'line': b'/home/dss/ros2_ws/src/dss_ros2_bridge/src/DSSToROSClock.cpp:9:10: fatal error: nlohmann/json.hpp: No such file or directory\n'}
[3.206625] (dss_ros2_bridge) StderrLine: {'line': b'    9 | #include "nlohmann/json.hpp"\n'}
[3.206668] (dss_ros2_bridge) StderrLine: {'line': b'      |          ^~~~~~~~~~~~~~~~~~~\n'}
[3.206704] (dss_ros2_bridge) StderrLine: {'line': b'compilation terminated.\n'}
[3.209062] (dss_ros2_bridge) StderrLine: {'line': b'gmake[2]: *** [CMakeFiles/DSSToROSGpsNode.dir/build.make:76: CMakeFiles/DSSToROSGpsNode.dir/src/DSSToROSGps.cpp.o] Error 1\n'}
[3.209277] (dss_ros2_bridge) StderrLine: {'line': b'gmake[2]: *** Waiting for unfinished jobs....\n'}
[3.210380] (dss_ros2_bridge) StderrLine: {'line': b'gmake[2]: *** [CMakeFiles/DSSToROSClockNode.dir/build.make:76: CMakeFiles/DSSToROSClockNode.dir/src/DSSToROSClock.cpp.o] Error 1\n'}
[3.210510] (dss_ros2_bridge) StderrLine: {'line': b'gmake[2]: *** Waiting for unfinished jobs....\n'}
[3.211822] (dss_ros2_bridge) StdoutLine: {'line': b'[ 73%] Built target dss_ros2_bridge__rosidl_typesupport_fastrtps_c\n'}
[3.233212] (dss_ros2_bridge) StdoutLine: {'line': b'[ 73%] Built target dss_ros2_bridge\n'}
[3.249489] (dss_ros2_bridge) StdoutLine: {'line': b'[ 75%] Generating Python code for ROS interfaces\n'}
[3.288976] (dss_ros2_bridge) StderrLine: {'line': b'/home/dss/ros2_ws/src/dss_ros2_bridge/src/DSSToROSImage.cpp:7:10: fatal error: nlohmann/json.hpp: No such file or directory\n'}
[3.289153] (dss_ros2_bridge) StderrLine: {'line': b'    7 | #include "nlohmann/json.hpp"\n'}
[3.289206] (dss_ros2_bridge) StderrLine: {'line': b'      |          ^~~~~~~~~~~~~~~~~~~\n'}
[3.289253] (dss_ros2_bridge) StderrLine: {'line': b'compilation terminated.\n'}
[3.292856] (dss_ros2_bridge) StderrLine: {'line': b'gmake[2]: *** [CMakeFiles/DSSToROSImageNode.dir/build.make:76: CMakeFiles/DSSToROSImageNode.dir/src/DSSToROSImage.cpp.o] Error 1\n'}
[3.293026] (dss_ros2_bridge) StderrLine: {'line': b'gmake[2]: *** Waiting for unfinished jobs....\n'}
[3.303363] (-) TimerEvent: {}
[3.308908] (dss_ros2_bridge) StderrLine: {'line': b'/home/dss/ros2_ws/src/dss_ros2_bridge/src/DSSToROSIMU.cpp:14:10: fatal error: nlohmann/json.hpp: No such file or directory\n'}
[3.309028] (dss_ros2_bridge) StderrLine: {'line': b'   14 | #include "nlohmann/json.hpp"\n'}
[3.309051] (dss_ros2_bridge) StderrLine: {'line': b'      |          ^~~~~~~~~~~~~~~~~~~\n'}
[3.309071] (dss_ros2_bridge) StderrLine: {'line': b'compilation terminated.\n'}
[3.312816] (dss_ros2_bridge) StderrLine: {'line': b'gmake[2]: *** [CMakeFiles/DSSToROSIMUNode.dir/build.make:76: CMakeFiles/DSSToROSIMUNode.dir/src/DSSToROSIMU.cpp.o] Error 1\n'}
[3.312912] (dss_ros2_bridge) StderrLine: {'line': b'gmake[2]: *** Waiting for unfinished jobs....\n'}
[3.403499] (-) TimerEvent: {}
[3.466487] (dss_ros2_bridge) StdoutLine: {'line': b'[ 75%] Built target dss_ros2_bridge__py\n'}
[3.483693] (dss_ros2_bridge) StdoutLine: {'line': b'[ 76%] Building C object CMakeFiles/dss_ros2_bridge__rosidl_generator_py.dir/rosidl_generator_py/dss_ros2_bridge/msg/_dss_control_s.c.o\n'}
[3.503641] (-) TimerEvent: {}
[3.541142] (dss_ros2_bridge) StdoutLine: {'line': b'[ 78%] Linking C shared library rosidl_generator_py/dss_ros2_bridge/libdss_ros2_bridge__rosidl_generator_py.so\n'}
[3.593565] (dss_ros2_bridge) StdoutLine: {'line': b'[ 78%] Built target dss_ros2_bridge__rosidl_generator_py\n'}
[3.603744] (-) TimerEvent: {}
[3.605271] (dss_ros2_bridge) StdoutLine: {'line': b'[ 80%] Building C object CMakeFiles/dss_ros2_bridge__rosidl_typesupport_introspection_c__pyext.dir/rosidl_generator_py/dss_ros2_bridge/_dss_ros2_bridge_s.ep.rosidl_typesupport_introspection_c.c.o\n'}
[3.605985] (dss_ros2_bridge) StdoutLine: {'line': b'[ 82%] Building C object CMakeFiles/dss_ros2_bridge__rosidl_typesupport_c__pyext.dir/rosidl_generator_py/dss_ros2_bridge/_dss_ros2_bridge_s.ep.rosidl_typesupport_c.c.o\n'}
[3.608329] (dss_ros2_bridge) StdoutLine: {'line': b'[ 83%] Building C object CMakeFiles/dss_ros2_bridge__rosidl_typesupport_fastrtps_c__pyext.dir/rosidl_generator_py/dss_ros2_bridge/_dss_ros2_bridge_s.ep.rosidl_typesupport_fastrtps_c.c.o\n'}
[3.647209] (dss_ros2_bridge) StdoutLine: {'line': b'[ 87%] Linking C shared library rosidl_generator_py/dss_ros2_bridge/dss_ros2_bridge_s__rosidl_typesupport_introspection_c.cpython-310-x86_64-linux-gnu.so\n'}
[3.647322] (dss_ros2_bridge) StdoutLine: {'line': b'[ 87%] Linking C shared library rosidl_generator_py/dss_ros2_bridge/dss_ros2_bridge_s__rosidl_typesupport_c.cpython-310-x86_64-linux-gnu.so\n'}
[3.662193] (dss_ros2_bridge) StdoutLine: {'line': b'[ 89%] Linking C shared library rosidl_generator_py/dss_ros2_bridge/dss_ros2_bridge_s__rosidl_typesupport_fastrtps_c.cpython-310-x86_64-linux-gnu.so\n'}
[3.685730] (dss_ros2_bridge) StdoutLine: {'line': b'[ 89%] Built target dss_ros2_bridge__rosidl_typesupport_c__pyext\n'}
[3.685848] (dss_ros2_bridge) StdoutLine: {'line': b'[ 89%] Built target dss_ros2_bridge__rosidl_typesupport_introspection_c__pyext\n'}
[3.703858] (-) TimerEvent: {}
[3.713772] (dss_ros2_bridge) StdoutLine: {'line': b'[ 89%] Built target dss_ros2_bridge__rosidl_typesupport_fastrtps_c__pyext\n'}
[3.803939] (-) TimerEvent: {}
[3.904098] (-) TimerEvent: {}
[4.004277] (-) TimerEvent: {}
[4.104408] (-) TimerEvent: {}
[4.204517] (-) TimerEvent: {}
[4.240161] (dss_ros2_bridge) StderrLine: {'line': b'gmake[1]: *** [CMakeFiles/Makefile2:657: CMakeFiles/DSSToROSIMUNode.dir/all] Error 2\n'}
[4.240271] (dss_ros2_bridge) StderrLine: {'line': b'gmake[1]: *** Waiting for unfinished jobs....\n'}
[4.256054] (dss_ros2_bridge) StderrLine: {'line': b'gmake[1]: *** [CMakeFiles/Makefile2:630: CMakeFiles/DSSToROSPointCloudNode.dir/all] Error 2\n'}
[4.265763] (dss_ros2_bridge) StderrLine: {'line': b'gmake[1]: *** [CMakeFiles/Makefile2:711: CMakeFiles/DSSToROSGpsNode.dir/all] Error 2\n'}
[4.266858] (dss_ros2_bridge) StderrLine: {'line': b'gmake[1]: *** [CMakeFiles/Makefile2:603: CMakeFiles/DSSToROSImageNode.dir/all] Error 2\n'}
[4.273300] (dss_ros2_bridge) StderrLine: {'line': b'gmake[1]: *** [CMakeFiles/Makefile2:684: CMakeFiles/DSSToROSClockNode.dir/all] Error 2\n'}
[4.304672] (-) TimerEvent: {}
[4.404792] (-) TimerEvent: {}
[4.504922] (-) TimerEvent: {}
[4.605085] (-) TimerEvent: {}
[4.705211] (-) TimerEvent: {}
[4.805316] (-) TimerEvent: {}
[4.905483] (-) TimerEvent: {}
[5.005670] (-) TimerEvent: {}
[5.105855] (-) TimerEvent: {}
[5.206023] (-) TimerEvent: {}
[5.306147] (-) TimerEvent: {}
[5.406312] (-) TimerEvent: {}
[5.506540] (-) TimerEvent: {}
[5.606656] (-) TimerEvent: {}
[5.706820] (-) TimerEvent: {}
[5.807001] (-) TimerEvent: {}
[5.907172] (-) TimerEvent: {}
[6.007313] (-) TimerEvent: {}
[6.107472] (-) TimerEvent: {}
[6.207630] (-) TimerEvent: {}
[6.307764] (-) TimerEvent: {}
[6.407937] (-) TimerEvent: {}
[6.508088] (-) TimerEvent: {}
[6.608207] (-) TimerEvent: {}
[6.708355] (-) TimerEvent: {}
[6.808531] (-) TimerEvent: {}
[6.908687] (-) TimerEvent: {}
[7.008858] (-) TimerEvent: {}
[7.109013] (-) TimerEvent: {}
[7.209163] (-) TimerEvent: {}
[7.309291] (-) TimerEvent: {}
[7.409400] (-) TimerEvent: {}
[7.509518] (-) TimerEvent: {}
[7.609666] (-) TimerEvent: {}
[7.709810] (-) TimerEvent: {}
[7.809906] (-) TimerEvent: {}
[7.910058] (-) TimerEvent: {}
[8.010207] (-) TimerEvent: {}
[8.110391] (-) TimerEvent: {}
[8.210613] (-) TimerEvent: {}
[8.310772] (-) TimerEvent: {}
[8.410872] (-) TimerEvent: {}
[8.511023] (-) TimerEvent: {}
[8.611148] (-) TimerEvent: {}
[8.711294] (-) TimerEvent: {}
[8.811402] (-) TimerEvent: {}
[8.911547] (-) TimerEvent: {}
[9.011720] (-) TimerEvent: {}
[9.111899] (-) TimerEvent: {}
[9.212042] (-) TimerEvent: {}
[9.312211] (-) TimerEvent: {}
[9.412341] (-) TimerEvent: {}
[9.512503] (-) TimerEvent: {}
[9.595725] (dss_ros2_bridge) StdoutLine: {'line': b'[ 91%] Linking CXX executable DSSDemoNode\n'}
[9.612579] (-) TimerEvent: {}
[9.712681] (-) TimerEvent: {}
[9.812803] (-) TimerEvent: {}
[9.912947] (-) TimerEvent: {}
[10.013126] (-) TimerEvent: {}
[10.089581] (dss_ros2_bridge) StdoutLine: {'line': b'[ 91%] Built target DSSDemoNode\n'}
[10.090018] (dss_ros2_bridge) StderrLine: {'line': b'gmake: *** [Makefile:146: all] Error 2\n'}
[10.091045] (dss_ros2_bridge) CommandEnded: {'returncode': 2}
[10.095204] (dss_ros2_bridge) JobEnded: {'identifier': 'dss_ros2_bridge', 'rc': 2}
[10.105454] (-) EventReactorShutdown: {}
